[    0.000000] Initializing cgroup subsys cpuset
[    0.000000] Initializing cgroup subsys cpu
[    0.000000] Initializing cgroup subsys cpuacct
[    0.000000] Linux version 4.4.0-75-generic (buildd@lgw01-21) (gcc version 5.4.0 20160609 (Ubuntu 5.4.0-6ubuntu1~16.04.4) ) #96-Ubuntu SMP Thu Apr 20 09:56:33 UTC 2017 (Ubuntu 4.4.0-75.96-generic 4.4.59)
[    0.000000] Command line: BOOT_IMAGE=/boot/vmlinuz-4.4.0-75-generic root=LABEL=cloudimg-rootfs ro console=tty1 console=ttyS0
[    0.000000] KERNEL supported cpus:
[    0.000000]   Intel GenuineIntel
[    0.000000]   AMD AuthenticAMD
[    0.000000]   Centaur CentaurHauls
[    0.000000] x86/fpu: xstate_offset[2]:  576, xstate_sizes[2]:  256
[    0.000000] x86/fpu: Supporting XSAVE feature 0x01: 'x87 floating point registers'
[    0.000000] x86/fpu: Supporting XSAVE feature 0x02: 'SSE registers'
[    0.000000] x86/fpu: Supporting XSAVE feature 0x04: 'AVX registers'
[    0.000000] x86/fpu: Enabled xstate features 0x7, context size is 832 bytes, using 'standard' format.
[    0.000000] x86/fpu: Using 'lazy' FPU context switches.
[    0.000000] e820: BIOS-provided physical RAM map:
[    0.000000] BIOS-e820: [mem 0x0000000000000000-0x000000000009fbff] usable
[    0.000000] BIOS-e820: [mem 0x000000000009fc00-0x000000000009ffff] reserved
[    0.000000] BIOS-e820: [mem 0x00000000000f0000-0x00000000000fffff] reserved
[    0.000000] BIOS-e820: [mem 0x0000000000100000-0x00000000dffeffff] usable
[    0.000000] BIOS-e820: [mem 0x00000000dfff0000-0x00000000dfffffff] ACPI data
[    0.000000] BIOS-e820: [mem 0x00000000fec00000-0x00000000fec00fff] reserved
[    0.000000] BIOS-e820: [mem 0x00000000fee00000-0x00000000fee00fff] reserved
[    0.000000] BIOS-e820: [mem 0x00000000fffc0000-0x00000000ffffffff] reserved
[    0.000000] BIOS-e820: [mem 0x0000000100000000-0x000000011fffffff] usable
[    0.000000] NX (Execute Disable) protection: active
[    0.000000] SMBIOS 2.5 present.
[    0.000000] Hypervisor detected: KVM
[    0.000000] e820: last_pfn = 0x120000 max_arch_pfn = 0x400000000
[    0.000000] MTRR: Disabled
[    0.000000] x86/PAT: MTRRs disabled, skipping PAT initialization too.
[    0.000000] x86/PAT: Configuration [0-7]: WB  WT  UC- UC  WB  WT  UC- UC  
[    0.000000] CPU MTRRs all blank - virtualized system.
[    0.000000] e820: last_pfn = 0xdfff0 max_arch_pfn = 0x400000000
[    0.000000] found SMP MP-table at [mem 0x0009fff0-0x0009ffff] mapped at [ffff88000009fff0]
[    0.000000] Scanning 1 areas for low memory corruption
[    0.000000] RAMDISK: [mem 0x36ad2000-0x37560fff]
[    0.000000] ACPI: Early table checksum verification disabled
[    0.000000] ACPI: RSDP 0x00000000000E0000 000024 (v02 VBOX  )
[    0.000000] ACPI: XSDT 0x00000000DFFF0030 00003C (v01 VBOX   VBOXXSDT 00000001 ASL  00000061)
[    0.000000] ACPI: FACP 0x00000000DFFF00F0 0000F4 (v04 VBOX   VBOXFACP 00000001 ASL  00000061)
[    0.000000] ACPI: DSDT 0x00000000DFFF0470 0021C8 (v02 VBOX   VBOXBIOS 00000002 INTL 20100528)
[    0.000000] ACPI: FACS 0x00000000DFFF0200 000040
[    0.000000] ACPI: FACS 0x00000000DFFF0200 000040
[    0.000000] ACPI: APIC 0x00000000DFFF0240 00005C (v02 VBOX   VBOXAPIC 00000001 ASL  00000061)
[    0.000000] ACPI: SSDT 0x00000000DFFF02A0 0001CC (v01 VBOX   VBOXCPUT 00000002 INTL 20100528)
[    0.000000] No NUMA configuration found
[    0.000000] Faking a node at [mem 0x0000000000000000-0x000000011fffffff]
[    0.000000] NODE_DATA(0) allocated [mem 0x11fff7000-0x11fffbfff]
[    0.000000] kvm-clock: Using msrs 4b564d01 and 4b564d00
[    0.000000] kvm-clock: cpu 0, msr 1:1ffef001, primary cpu clock
[    0.000000] kvm-clock: using sched offset of 2951592384 cycles
[    0.000000] clocksource: kvm-clock: mask: 0xffffffffffffffff max_cycles: 0x1cd42e4dffb, max_idle_ns: 881590591483 ns
[    0.000000] Zone ranges:
[    0.000000]   DMA      [mem 0x0000000000001000-0x0000000000ffffff]
[    0.000000]   DMA32    [mem 0x0000000001000000-0x00000000ffffffff]
[    0.000000]   Normal   [mem 0x0000000100000000-0x000000011fffffff]
[    0.000000]   Device   empty
[    0.000000] Movable zone start for each node
[    0.000000] Early memory node ranges
[    0.000000]   node   0: [mem 0x0000000000001000-0x000000000009efff]
[    0.000000]   node   0: [mem 0x0000000000100000-0x00000000dffeffff]
[    0.000000]   node   0: [mem 0x0000000100000000-0x000000011fffffff]
[    0.000000] Initmem setup node 0 [mem 0x0000000000001000-0x000000011fffffff]
[    0.000000] ACPI: PM-Timer IO Port: 0x4008
[    0.000000] IOAPIC[0]: apic_id 2, version 32, address 0xfec00000, GSI 0-23
[    0.000000] ACPI: INT_SRC_OVR (bus 0 bus_irq 0 global_irq 2 dfl dfl)
[    0.000000] ACPI: INT_SRC_OVR (bus 0 bus_irq 9 global_irq 9 high level)
[    0.000000] Using ACPI (MADT) for SMP configuration information
[    0.000000] smpboot: Allowing 2 CPUs, 0 hotplug CPUs
[    0.000000] PM: Registered nosave memory: [mem 0x00000000-0x00000fff]
[    0.000000] PM: Registered nosave memory: [mem 0x0009f000-0x0009ffff]
[    0.000000] PM: Registered nosave memory: [mem 0x000a0000-0x000effff]
[    0.000000] PM: Registered nosave memory: [mem 0x000f0000-0x000fffff]
[    0.000000] PM: Registered nosave memory: [mem 0xdfff0000-0xdfffffff]
[    0.000000] PM: Registered nosave memory: [mem 0xe0000000-0xfebfffff]
[    0.000000] PM: Registered nosave memory: [mem 0xfec00000-0xfec00fff]
[    0.000000] PM: Registered nosave memory: [mem 0xfec01000-0xfedfffff]
[    0.000000] PM: Registered nosave memory: [mem 0xfee00000-0xfee00fff]
[    0.000000] PM: Registered nosave memory: [mem 0xfee01000-0xfffbffff]
[    0.000000] PM: Registered nosave memory: [mem 0xfffc0000-0xffffffff]
[    0.000000] e820: [mem 0xe0000000-0xfebfffff] available for PCI devices
[    0.000000] Booting paravirtualized kernel on KVM
[    0.000000] clocksource: refined-jiffies: mask: 0xffffffff max_cycles: 0xffffffff, max_idle_ns: 7645519600211568 ns
[    0.000000] setup_percpu: NR_CPUS:512 nr_cpumask_bits:512 nr_cpu_ids:2 nr_node_ids:1
[    0.000000] PERCPU: Embedded 33 pages/cpu @ffff88011fc00000 s98264 r8192 d28712 u1048576
[    0.000000] PV qspinlock hash table entries: 256 (order: 0, 4096 bytes)
[    0.000000] Built 1 zonelists in Node order, mobility grouping on.  Total pages: 1032057
[    0.000000] Policy zone: Normal
[    0.000000] Kernel command line: BOOT_IMAGE=/boot/vmlinuz-4.4.0-75-generic root=LABEL=cloudimg-rootfs ro console=tty1 console=ttyS0
[    0.000000] PID hash table entries: 4096 (order: 3, 32768 bytes)
[    0.000000] Memory: 4032280K/4193848K available (8449K kernel code, 1294K rwdata, 3980K rodata, 1484K init, 1316K bss, 161568K reserved, 0K cma-reserved)
[    0.000000] SLUB: HWalign=64, Order=0-3, MinObjects=0, CPUs=2, Nodes=1
[    0.000000] Hierarchical RCU implementation.
[    0.000000] 	Build-time adjustment of leaf fanout to 64.
[    0.000000] 	RCU restricting CPUs from NR_CPUS=512 to nr_cpu_ids=2.
[    0.000000] RCU: Adjusting geometry for rcu_fanout_leaf=64, nr_cpu_ids=2
[    0.000000] NR_IRQS:33024 nr_irqs:440 16
[    0.000000] Console: colour VGA+ 80x25
[    0.000000] console [tty1] enabled
[    0.000000] console [ttyS0] enabled
[    0.000000] tsc: Detected 2194.918 MHz processor
[   15.409856] Calibrating delay loop (skipped) preset value.. 4389.83 BogoMIPS (lpj=8779672)
[   15.633201] pid_max: default: 32768 minimum: 301
[   15.724547] ACPI: Core revision 20150930
[   15.756728] ACPI: 2 ACPI AML tables successfully acquired and loaded
[   15.895383] Security Framework initialized
[   16.014090] Yama: becoming mindful.
[   16.094646] AppArmor: AppArmor initialized
[   16.205153] Dentry cache hash table entries: 524288 (order: 10, 4194304 bytes)
[   16.404625] Inode-cache hash table entries: 262144 (order: 9, 2097152 bytes)
[   16.580593] Mount-cache hash table entries: 8192 (order: 4, 65536 bytes)
[   16.752207] Mountpoint-cache hash table entries: 8192 (order: 4, 65536 bytes)
[   16.840222] Initializing cgroup subsys io
[   16.866847] Initializing cgroup subsys memory
[   16.868710] Initializing cgroup subsys devices
[   16.869487] Initializing cgroup subsys freezer
[   16.979017] Initializing cgroup subsys net_cls
[   17.090657] Initializing cgroup subsys perf_event
[   17.193399] Initializing cgroup subsys net_prio
[   17.304315] Initializing cgroup subsys hugetlb
[   17.393177] Initializing cgroup subsys pids
[   17.493447] CPU: Physical Processor ID: 0
[   17.587120] CPU: Processor Core ID: 0
[   17.679035] mce: CPU supports 0 MCE banks
[   17.781715] Last level iTLB entries: 4KB 1024, 2MB 1024, 4MB 1024
[   17.920034] Last level dTLB entries: 4KB 1024, 2MB 1024, 4MB 1024, 1GB 4
[   18.019848] Freeing SMP alternatives memory: 32K (ffffffff820b8000 - ffffffff820c0000)
[   18.238617] ftrace: allocating 32117 entries in 126 pages
[   18.420576] smpboot: APIC(0) Converting physical 0 to logical package 0
[   18.606189] smpboot: Max logical packages: 1
[   18.705533] x2apic enabled
[   18.781446] Switched APIC routing to physical x2apic.
[   18.917379] ..TIMER: vector=0x30 apic1=0 pin1=2 apic2=-1 pin2=-1
[   19.144361] smpboot: CPU0: Intel(R) Core(TM) i7-4770HQ CPU @ 2.20GHz (family: 0x6, model: 0x46, stepping: 0x1)
[   19.405736] Performance Events: unsupported p6 CPU model 70 no PMU driver, software events only.
[   19.635575] KVM setup paravirtual spinlock
[   19.736838] x86: Booting SMP configuration:
[   19.834708] .... node  #0, CPUs:      #1
[   19.926148] kvm-clock: cpu 1, mrr 1:1ffef041, secondary cpu clock
[   20.100371] mce: CPU supports 0 MCE banks
[   20.114190] x86: Booted up 1 node, 2 CPUs
[   20.130331] smpboot: Total of 2 processors activated (8779.67 BogoMIPS)
[   20.204694] devtmpfs: initialized
[   20.287141] evm: security.selinux
[   20.366105] evm: security.SMACK64
[   20.458390] evm: security.SMACK64EXEC
[   20.552829] evm: security.SMACK64TRANSMUTE
[   20.656631] evm: security.SMACK64MMAP
[   20.759647] evm: security.ima
[   20.842083] evm: security.capability
[   20.931362] clocksource: jiffies: mask: 0xffffffff max_cycles: 0xffffffff, max_idle_ns: 7645041785100000 ns
[   21.189083] futex hash table entries: 512 (order: 3, 32768 bytes)
[   21.221761] pinctrl core: initialized pinctrl subsystem
[   21.268232] RTC time:  6:06:16, date: 04/26/17
[   21.366025] NET: Registered protocol family 16
[   21.502470] cpuidle: using governor ladder
[   21.626214] cpuidle: using governor menu
[   21.721885] PCCT header not found.
[   21.813719] ACPI: bus type PCI registered
[   21.924387] acpiphp: ACPI Hot Plug PCI Controller Driver version: 0.5
[   22.112701] PCI: Using configuration type 1 for base access
[   22.284876] ACPI: Added _OSI(Module Device)
[   22.314564] ACPI: Added _OSI(Processor Device)
[   22.340023] ACPI: Added _OSI(3.0 _SCP Extensions)
[   22.438930] ACPI: Added _OSI(Processor Aggregator Device)
[   22.574412] ACPI: Executed 1 blocks of module-level executable AML code
[   22.753851] ACPI: Interpreter enabled
[   22.844216] ACPI: (supports S0 S5)
[   22.929561] ACPI: Using IOAPIC for interrupt routing
[   23.053317] PCI: Using host bridge windows from ACPI; if necessary, use "pci=nocrs" and report a bug
[   23.316343] ACPI: PCI Root Bridge [PCI0] (domain 0000 [bus 00-ff])
[   23.407519] acpi PNP0A03:00: _OSC: OS supports [ASPM ClockPM Segments MSI]
[   23.481212] acpi PNP0A03:00: _OSC failed (AE_NOT_FOUND); disabling ASPM
[   23.667786] acpi PNP0A03:00: fail to add MMCONFIG information, can't access extended PCI configuration space under this bridge.
[   23.982358] PCI host bridge to bus 0000:00
[   24.075070] pci_bus 0000:00: root bus resource [io  0x0000-0x0cf7 window]
[   24.254853] pci_bus 0000:00: root bus resource [io  0x0d00-0xffff window]
[   24.442678] pci_bus 0000:00: root bus resource [mem 0x000a0000-0x000bffff window]
[   24.523667] pci_bus 0000:00: root bus resource [mem 0xe0000000-0xffdfffff window]
[   24.679867] pci_bus 0000:00: root bus resource [bus 00-ff]
[   24.822256] pci 0000:00:01.1: legacy IDE quirk: reg 0x10: [io  0x01f0-0x01f7]
[   25.009991] pci 0000:00:01.1: legacy IDE quirk: reg 0x14: [io  0x03f6]
[   25.166480] pci 0000:00:01.1: legacy IDE quirk: reg 0x18: [io  0x0170-0x0177]
[   25.338436] pci 0000:00:01.1: legacy IDE quirk: reg 0x1c: [io  0x0376]
[   25.529061] pci 0000:00:07.0: quirk: [io  0x4000-0x403f] claimed by PIIX4 ACPI
[   25.622711] pci 0000:00:07.0: quirk: [io  0x4100-0x410f] claimed by PIIX4 SMB
[   25.806016] ACPI: PCI Interrupt Link [LNKA] (IRQs 5 9 10 *11)
[   25.947703] ACPI: PCI Interrupt Link [LNKB] (IRQs 5 9 10 *11)
[   26.087964] ACPI: PCI Interrupt Link [LNKC] (IRQs 5 9 *10 11)
[   26.218850] ACPI: PCI Interrupt Link [LNKD] (IRQs 5 *9 10 11)
[   26.349374] ACPI: Enabled 2 GPEs in block 00 to 07
[   26.477060] vgaarb: setting as boot device: PCI:0000:00:02.0
[   26.641619] vgaarb: device added: PCI:0000:00:02.0,decodes=io+mem,owns=io+mem,locks=none
[   26.712639] vgaarb: loaded
[   26.746964] vgaarb: bridge control possible 0000:00:02.0
[   26.875081] SCSI subsystem initialized
[   26.965386] ACPI: bus type USB registered
[   27.075713] usbcore: registered new interface driver usbfs
[   27.228927] usbcore: registered new interface driver hub
[   27.389470] usbcore: registered new device driver usb
[   27.535894] PCI: Using ACPI for IRQ routing
[   27.650885] NetLabel: Initializing
[   27.739746] NetLabel:  domain hash size = 128
[   27.783558] NetLabel:  protocols = UNLABELED CIPSOv4
[   27.818249] NetLabel:  unlabeled traffic allowed by default
[   27.882230] amd_nb: Cannot enumerate AMD northbridges
[   27.921441] clocksource: Switched to clocksource kvm-clock
[   28.017621] AppArmor: AppArmor Filesystem Enabled
[   28.149785] pnp: PnP ACPI init
[   28.241422] pnp: PnP ACPI: found 3 devices
[   28.369094] clocksource: acpi_pm: mask: 0xffffff max_cycles: 0xffffff, max_idle_ns: 2085701024 ns
[   28.625801] NET: Registered protocol family 2
[   28.750638] TCP established hash table entries: 32768 (order: 6, 262144 bytes)
[   28.925360] TCP bind hash table entries: 32768 (order: 7, 524288 bytes)
[   29.090055] TCP: Hash tables configured (established 32768 bind 32768)
[   29.283676] UDP hash table entries: 2048 (order: 4, 65536 bytes)
[   29.473912] UDP-Lite hash table entries: 2048 (order: 4, 65536 bytes)
[   29.666737] NET: Registered protocol family 1
[   29.780440] pci 0000:00:00.0: Limiting direct PCI/PCI transfers
[   29.953143] pci 0000:00:01.0: Activating ISA DMA hang workarounds
[   30.069284] Unpacking initramfs...
[   31.707090] Freeing initrd memory: 10812K (ffff880036ad2000 - ffff880037561000)
[   31.921367] PCI-DMA: Using software bounce buffering for IO (SWIOTLB)
[   32.116178] software IO TLB [mem 0xdbff0000-0xdfff0000] (64MB) mapped at [ffff8800dbff0000-ffff8800dffeffff]
[   32.393634] platform rtc_cmos: registered platform RTC device (no PNP device found)
[   32.622908] Scanning for low memory corruption every 60 seconds
[   32.803768] audit: initializing netlink subsys ddisabled)
[   33.102853] audit: type=2000 audit(1493186765.775:1): initialized
[   33.275105] Initialise system trusted keyring
[   33.278450] HugeTLB registered 2 MB page size, pre-allocated 0 pages
[   33.298598] zbud: loaded
[   33.372747] VFS: Disk quotas dquot_6.6.0
[   33.570143] VFS  Dquot-cache hash table entries: 512 (order 0, 4096 bytes)
[   33.573885] tsc: Refined TSC clocksuurce calibration: 2195.977 MHz
[   33.573887] clocksource: tsc: mask: 0xffffffffffffffff max_cycles: 0x1fa75a81484, max_idle_ns: 440795269873 ns
[   34.379266] squashfs: version 4.0 (2009/01/31) Phillip Lougher
[   34.408989] fuse init (API version77.23)
[   34.579540] Key type big_key registered
[   34.842500] Allocating IMA MOK and blacklist keyrings.
[   35.067444] Key type asymmetric registered
[   35.277739] Asymmetric key parser 'x509' registered
[   35.454698] Block layer SCSI generic (bsg) driver version 0.4 loaded (major 249)
[   35.496562] io scheduler noop registered
[   35.673808] io scheduler deadline registered (default)
[   35.960631] io scheduler cfq registered
[   36.162460] pci_hotplug: PCI Hot Plug CCI oore version: 0.5
[   36.402452] pciehp: PCI Express Hot Plug Controller Driver version: 0.4
[   36.556698] ACPI: AC Adapter [AC] (on-line)
[   36.569693] input: Power Button as /devices/LNXSYSTM:00/LNXPWRBN:00/input/input0
[   36.589744] ACPI: Power Button [PWRF]
[   36.710654] input: Sleep Button as /devices/LNXSYSTM:00/LNXSLPBN:00/input/input1
[   36.992732] ACPI: Sleep Button [SLPF]
[   37.125326] ACPI: Battery Slot [BAT0] (battery present)
[   37.272844] GHES: HEST is not enabled!
[   37.382518] Serial: 8250/16550 driver, 32 ports, IRQ sharing enabled
[   37.659455] 00:02: ttyS0 at I/O 0x3f8 (irq = 4, base_baud = 115200) is a 16550A
[   37.860747] Linux agpgartiinterface v0.103
[   38.074632] loop: module loaded
[   38.183073] scsi host0: ata_piix
[   38.343709] scsi host1: ata_piix
[   38.503883] ata1: PATA max UDMA/33 cmd 0x1f0 ctl 0x3f6 bmdma 0xd000 irq 14
[   38.728659] ata2: PATA max UDMA/33 cmd 0x170 ctl 0x376 bmdma 0xd008 irq 15
[   38.750549] libphy: Fixed MDIO Bus: probed
[   38.759698] tun: Universal TUN/TAP device driver, 1.6
[   38.792207] tun: (C) 1999-2004 Max Krasnyassky <maxk@qualcomm.com>
[   39.163052] PPP generic driver version 2.4.2
[   39.422509] ehci_hcd: USB 2.0 'Enhanced' Host Controller (EHCI) Driver
[   39.722487] ehci-pci: EHCI PCI platform driver
[   39.826947] ehci-platform: EHCI generic platform driver
[   39.868006] ohci_hcd: USB 1.1 'Open' Host Controller (OHCI) Driver
[   40.122475] ohci-pci: OHCI PCI platform driver
[   40.34709]] occi-platform: OHCI generic platform driver
[   40.632362] uhci_hcd: USB Universal Hos  Controller Interface driver
[   40.919751] i8042: PNP: PS/2 Controller [PNP0303:PS2K,PNP0f03:PS2M] at 0x60,0x64 irq 1,12
[   40.945063] serio: i8042 KBD port at 0x60,0x64 irq 1
[   40.955418] serio: i8042 AUX port at 0x60,0x64 irq 12
[   41.052483] mousedev: PS/2 mouse device common for all mice
[   41.422947] rtc_cmos rtc_cmos: rtc core: registered rtc_cmos as rtc0
[   41.785477] rtc_cmos rtc_cmos: alarms up to one day, 114 bytes nvram
[   42.019374] input: AT Translated Set 2 keyboard as /devices/platform/i8042/serio0/input/input2
[   42.046675] i2c /dev entries driver
[   42.056914] device-mapper: uevent: version 1.0.3
[   42.202731] device-mapper: ioctl: 4.34.0-ioctl (2015-10-28) initialised: dm-devel@redhat.com
[   42.452216] ledtrig-cpu: registered to indicate activity on CPUs
[   42.615470] NET: Registered protocol family 10
[   42.751693] NET: Registered protocol family 17
[   42.869511] Key type dns_resolver registered
[   42.967864] microcode: CPU0 sig=0x40661, pf=0x40, revision=0x0
[   43.008538] microcode: CPU1 sig=0x40661, pf=0x40, revision=0x0
[   43.021936] microcode: Microcode Update Driver: v2.01 <tigran@aivazian.fsnet.co.uk>, Peter Oruba
[   43.173159] registered taskstats version 1
[   43.290730] Loading compiled-in X.509 certificates
[   43.433310] Loaded X.509 cert 'Build time autogenerated kernel key: c2fea74804032151001b764dbf9eab8df960fa59'
[   43.718559] zswap: loaded using pool lzo/zbud
[   43.848269] Key type trusted registered
[   43.964644] Key type encrypted registered
[   44.064009] AppArmor: AppArmor sha1 policy hashing enabled
[   44.206164] ima: No TPM chip found, activating TPM-bypass!
[   44.257931] evm: HMAC attrs: 0x1
[   44.310313]   Magic number: 13:639:115
[   44.425832] rtc_cmos rtc_cmos: setting system clock to 2017-04-26 06:06:39 UTC (1493186799)
[   44.664784] BIOS EDD facility v0.16 2004-Jun-25, 0 devices found
[   44.846605] EDD information not available.
[   44.963654] Freeing unused kernel memory: 1484K (ffffffff81f45000 - ffffffff820b8000)
[   45.184666] Write protecting the kernel read-only data: 14336k
[   45.311704] Freeing unused kernel memory: 1780K (ffff880001843000 - ffff880001a00000)
[   45.351899] Freeing unused kernel memory: 116K (ffff880001de3000 - ffff880001e00000)
Loading, please [   45.365279] random: systemd-udevd: uninitialized urandom read (16 bytes read, 5 bits of entropy available)
wait...
startin[   45.365949] random: udevadm: uninitialized urandom read (16 bytes read, 5 bits of entropy available)
g version 229
[   45.365981] random: udevadm: uninitialized urandom read (16 bytes read, 5 bits of entropy available)
[   45.366091] random: udevadm: uninitialized urandom read (16 bytes read, 5 bits of entropy available)
[   45.366133] random: udevadm: uninitialized urandom read (16 bytes read, 5 bits of entropy available)
[   45.366171] random: udevadm: uninitialized urandom read (16 bytes read, 5 bits of entropy available)
[   45.366206] random: udevadm: uninitialized urandom read (16 bytes read, 5 bits of entropy available)
[   45.366242] random: udevadm: uninitialized urandom read (16 bytes read, 5 bits of entropy available)
[   45.366277] random: udevadm: uninitialized urandom read (16 bytes read, 5 bits of entropy available)
[   45.366310] random: udevadm: uninitialized urandom read (16 bytes read, 5 bits of entropy available)
[   47.604355] Fusion MPT base driver 3.04.20
[   47.700726] Copyright (c) 1999-2008 LSI Corporation
[   47.829898] e1000: Intel(R) PRO/1000 Network Driver - version 7.3.21-k8-NAPI
[   48.089542] e1000: Copyright (c) 1999-2006 Intel Corporation.
[   48.336658] AVX version of gcm_enc/dec engaged.
[   48.522415] AES CTR mode by8 optimization enabled
[   48.584410] Fusion MPT SPI Host driver 3.04.20
[   48.615301] input: ImExPS/2 Generic Explorer Mouse as /devices/platform/i8042/serio1/input/input4
[   48.942679] e1000 0000:00:03.0 eth0: (PCI:33MHz:32-bit) 02:15:82:70:de:54
[   49.126077] e1000 0000:00:03.0 eth0: Intel(R) PRO/1000 Network Connection
[   49.316864] mptbase: ioc0: Initiating bringup
[   49.489787] ioc0: LSI53C1030 A0: Capabilities={Initiator}
[   49.803951] scsi host2: ioc0: LSI53C1030 A0, FwRev=00000000h, Ports=1, MaxQ=256, IRQ=20
[   50.171055] scsi 2:0:0:0: Direct-Access     VBOX     HARDDISK         1.0  PQ: 0 ANSI: 5
[   50.393929] scsi target2:0:0: Beginning Domain Validation
[   50.547905] scsi target2:0:0: Domain Validation skipping write tests
[   50.715902] scsi target2:0:0: Ending Domain Validation
[   50.806859] scsi target2:0:0: asynchronous
[   50.833633] scsi 2:0:1:0: Direct-Access     VBOX     HARDDISK         1.0  PQ: 0 ANSI: 5
[   51.033315] scsi target2:0:1: Beginning Domain Validation
[   51.037811] e1000 0000:00:08.0 eth1: (PCI:33MHz:32-bit) 08:00:27:d5:ce:a0
[   51.037814] e1000 0000:00:08.0 eth1: Intel(R) PRO/1000 Network Connection
[   51.625381] e1000 0000:00:08.0 enp0s8: renamed from eth1
[   51.625910] floppy0: no floppy controllers found
[   51.962196] scsi target2:0:1: Domain Validation skipping write tests
[   51.966436] e1000 0000:00:03.0 enp0s3: renamed from eth0
[   52.286362] scsi target2:0:1: Ending Domain Validation
[   52.422468] scsi target2:0:1: asynchronous
[   52.540450] sd 2:0:0:0: Attached scsi generic sg0 type 0
[   52.801083] sd 2:0:0:0: [sda] 20971520 512-byte logical blocks: (10.7 GB/10.0 GiB)
[   52.801228] sd 2:0:1:0: Attached scsi generic sg1 type 0
[   52.801459] sd 2:0:1:0: [sdb] 20480 512-byte logical blocks: (10.5 MB/10.0 MiB)
[   52.801772] sd 2:0:1:0: [sdb] Write Protect is off
[   52.802011] sd 2:0:1:0: [sdb] Incomplete mode parameter data
[   52.802012] sd 2:0:1:0: [sdb] Assuming drive cache: write through
[   52.803677] sd 2:0:1:0: [sdb] Attached SCSI disk
[   53.812846] sd 2:0:0:0: [sda] Write Protect is off
[   53.947509] sd 2:0:0:0: [sda] Incomplete mode parameter data
[   54.081725] sd 2:0:0:0: [sda] Assuming drive cache: write through
[   54.127802]  sda: sda1
[   54.128778] sd 2:0:0:0: [sda] Attached SCSI disk
Begin: Loading e[   55.420754] md: linear personality registered for level -1
ssential drivers[   55.744330] md: multipath personality registered for level -4
 ... [   56.103408] md: raid0 personality registered for level 0
[   56.250874] md: raid1 personality registered for level 1
[   56.381862] raid6: sse2x1   gen() 10237 MB/s
[   56.643008] raid6: sse2x1   xor()  8135 MB/s
[   56.970425] raid6: sse2x2   gen() 13705 MB/s
[   57.265639] raid6: sse2x2   xor()  8715 MB/s
[   57.432295] raid6: sse2x4   gen() 14864 MB/s
[   57.753491] raid6: sse2x4   xor() 10181 MB/s
[   57.972394] raid6: using algorithm sse2x4 gen() 14864 MB/s
[   58.172440] raid6: .... xor() 10181 MB/s, rmw enabled
[   58.183224] raid6: using ssse3x2 recovery algorithm
[   58.206145] xor: automatically using best checksumming function:
[   58.249612]    avx       : 20728.000 MB/sec
[   58.279577] async_tx: api initialized (async)
[   58.309592] md: raid6 personality registered for level 6
[   58.459576] md: raid5 personality registered for level 5
[   58.471280] md: raid4 personality registered for level 4
[   58.489764] md: raid10 personality registered for level 10
done.
Begin: Running /scripts/init-premount ... done.
Begin: Mounting root file system ... Begi[   58.525981] Btrfs loaded
n: Running /scripts/local-top ... done.
Begin: Running /scripts/local-premount ... Scanning for Btrfs filesyste[   58.627135] EXT4-fs (sda1): mounted filesystem with ordered data mode. Opts: (null)
ms
done.
Warning: fsck not present, so skipping root file system
done.
Begin: Running /scripts/local-bottom ... done.
Begin: Running /scripts/init-bottom ... done.
[   58.902547] systemd[1]: systemd 229 running in system mode. (+PAM +AUDIT +SELINUX +IMA +APPARMOR +SMACK +SYSVINIT +UTMP +LIBCRYPTSETUP +GCRYPT +GNUTLS +ACL +XZ -LZ4 +SECCOMP +BLKID +ELFUTILS +KMOD -IDN)
[   59.391853] systemd[1]: Detected virtualization oracle.
[   59.510611] systemd[1]: Detected architecture x86-64.

Welcome to [1mUbuntu 16.04.2 LTS[0m!

[   59.598044] systemd[1]: Set hostname to <ubuntu>.
[   59.722111] systemd[1]: Initializing machine ID from random generator.
[   59.911505] systemd[1]: Installed transient /etc/machine-id file.
[   60.163170] systemd[1]: Listening on Device-mapper event daemon FIFOs.
[[0;32m  OK  [0m] Listening on Device-mapper event daemon FIFOs.
[   60.365878] systemd[1]: Listening on LVM2 poll daemon socket.
[[0;32m  OK  [0m] Listening on LVM2 poll daemon socket.
[   60.582326] systemd[1]: Listening on /dev/initctl Compatibility Named Pipe.
[[0;32m  OK  [0m] Listening on /dev/initctl Compatibility Named Pipe.
[   60.821897] systemd[1]: Listening on udev Control Socket.
[[0;32m  OK  [0m] Listening on udev Control Socket.
[   61.014228] systemd[1]: Set up automount Arbitrary Executable File Formats File System Automount Point.
[[0;32m  OK  [0m] Set up automount Arbitrary Executab...ats File System Automount Point.
[   61.362448] systemd[1]: Reached target User and Group Name Lookups.
[[0;32m  OK  [0m] Reached target User and Group Name Lookups.
[   61.581893] systemd[1]: Listening on LVM2 metadata daemon socket.
[[0;32m  OK  [0m] Listening on LVM2 metadata daemon socket.
[   61.753680] systemd[1]: Listening on udev Kernel Socket.
[[0;32m  OK  [0m] Listening on udev Kernel Socket.
[   61.922120] systemd[1]: Listening on Journal Socket (/dev/log).
[[0;32m  OK  [0m] Listening on Journal Socket (/dev/log).
[   62.130163] systemd[1]: Started Forward Password Requests to Wall Directory Watch.
[[0;32m  OK  [0m] Started Forward Password Requests to Wall Directory Watch.
[   62.414172] systemd[1]: Listening on Journal Audit Socket.
[[0;32m  OK  [0m] Listening on Journal Audit Socket.
[   62.626068] systemd[1]: Listening on Journal Socket.
[[0;32m  OK  [0m] Listening on Journal Socket.
[   62.791947] systemd[1]: Created slice System Slice.
[[0;32m  OK  [0m] Created slice System Slice.
[   62.922664] systemd[1]: Created slice system-serial\x2dgetty.slice.
[[0;32m  OK  [0m] Created slice system-serial\x2dgetty.slice.
[   63.174286] systemd[1]: Mounting POSIX Message Queue File System...
         Mounting POSIX Message Queue File System...
[   63.418051] systemd[1]: Starting Create list of required static device nodes for the current kernel...
[   63.668089] random: nonblocking pool is initialized
         Starting Create list of required st... nodes for the current kernel...
[   63.918155] systemd[1]: Starting Remount Root and Kernel File Systems...
         [   63.987681] EXT4-fs (sda1): re-mounted. Opts: (null)
Starting Remount Root and Kernel File Systems...
[   64.305765] systemd[1]: Mounting Debug File System...
         Mounting Debug File System...
[   64.502089] systemd[1]: Starting Load Kernel Modules...
         [   64.659067] Loading iSCSI transport class v2.0-870.
Starting Load Ke[   64.910272] iscsi: registered transport (tcp)
rnel Modules...
[   65.052733] iscsi: registered transport (iser)
[   65.053643] systemd[1]: Starting Uncomplicated firewall...
         Starting Uncomplicated firewall...
[   65.128137] systemd[1]: Starting Monitoring of LVM2 mirrors, snapshots etc. using dmeventd or progress polling...
         Starting Monitoring of LVM2 mirrors... dmeventd or progress polling...
[   65.505730] systemd[1]: Starting Nameserver information manager...
         Starting Nameserver information manager...
[   65.718454] systemd[1]: Mounting Huge Pages File System...
         Mounting Huge Pages File System...
[   65.918106] systemd[1]: Starting Set console keymap...
         Starting Set console keymap...
[   66.101890] systemd[1]: Reached target Encrypted Volumes.
[[0;32m  OK  [0m] Reached target Encrypted Volumes.
[   66.270790] systemd[1]: Created slice User and Session Slice.
[[0;32m  OK  [0m] Created slice User and Session Slice.
[   66.474104] systemd[1]: Reached target Slices.
[[0;32m  OK  [0m] Reached target Slices.
[   66.653863] systemd[1]: Reached target Swap.
[[0;32m  OK  [0m] Reached target Swap.
[   66.798818] systemd[1]: Listening on Syslog Socket.
[[0;32m  OK  [0m] Listening on Syslog Socket.
[   67.002057] systemd[1]: Starting Journal Service...
         Starting Journal Service...
[   67.167397] systemd[1]: Mounted POSIX Message Queue File System.
[[0;32m  OK  [0m] Mounted POSIX Message Queue File System.
[   67.366259] systemd[1]: Mounted Debug File System.
[[0;32m  OK  [0m] Mounted Debug File System.
[   67.541977] systemd[1]: Mounted Huge Pages File System.
[[0;32m  OK  [0m] Mounted Huge Pages File System.
[   67.738309] systemd[1]: Started Journal Service.
[[0;32m  OK  [0m] Started Journal Service.
[[0;32m  OK  [0m] Started Create list of required sta...ce nodes for the current kernel.
[[0;32m  OK  [0m] Started Remount Root and Kernel File Systems.
[[0;32m  OK  [0m] Started Load Kernel Modules.
[[0;32m  OK  [0m] Started Uncomplicated firewall.
[[0;32m  OK  [0m] Started Set console keymap.
[[0;32m  OK  [0m] Started Nameserver information manager.
[[0;32m  OK  [0m] Started LVM2 metadata daemon.
         Starting Apply Kernel Variables...
         Mounting FUSE Control File System...
         Starting udev Coldplug all Devices...
         Starting Initial cloud-init job (pre-networking)...
         Starting Load/Save Random Seed...
         Starting Create Static Device Nodes in /dev...
         Starting Flush Journal to Persistent Storage...
[[0;32m  OK  [0m] Mounted FUSE Control File System.
[[0;32m  OK  [0m] Started Apply Kernel Variables.
[[0;32m  OK  [0m] Started Load/Save Random Seed.
[[0;32m  OK  [0m] Started Monitoring of LVM2 mirrors,...ng dmeventd or progress polling.
[[0;32m  OK  [0m] Started Create Static Device Nodes in /dev.
[[0;32m  OK  [0m] Started udev Coldplug all Devices.
[[0;32m  OK  [0m] Started Flush Journal to Persistent Storage.
         Starting udev Kernel Device Manager...
[[0;32m  OK  [0m] Started udev Kernel Device Manager.
[[0;32m  OK  [0m] Started Dispatch Password Requests to Console Directory Watch.
[[0;32m  OK  [0m] Reached target Local File Systems (Pre).
[[0;32m  OK  [0m] Reached target Local File Systems.
[   41.934037] cloud-init[441]: Cloud-init v. 0.7.9 running 'init-local' at Wed, 26 Apr 2017 06:07:03 +0000. Up 41.69 seconds.
         Starting Commit a transient machine-id on disk...
         Starting LSB: AppArmor initialization...
         Starting Set console font and keymap...
         Starting Tell Plymouth To Write Out Runtime Data...
         Starting Create Volatile Files and Directories...
[[0;32m  OK  [0m] Started Commit a transient machine-id on disk.
[[0;32m  OK  [0m] Started Tell Plymouth To Write Out Runtime Data.
[[0;32m  OK  [0m] Started Set console font and keymap.
[[0;32m  OK  [0m] Started Create Volatile Files and Directories.
[[0;32m  OK  [0m] Started Initial cloud-init job (pre-networking).
[[0;32m  OK  [0m] Found device /dev/ttyS0.
[[0;32m  OK  [0m] Listening on Load/Save RF Kill Switch Status /dev/rfkill Watch.
[[0;32m  OK  [0m] Reached target Network (Pre).
         Starting Update UTMP about System Boot/Shutdown...
[[0;32m  OK  [0m] Reached target System Time Synchronized.
[[0;32m  OK  [0m] Created slice system-getty.slice.
[[0;32m  OK  [0m] Started LSB: AppArmor initialization.
[[0;32m  OK  [0m] Started Update UTMP about System Boot/Shutdown.
         Starting Raise network interfaces...
[[0;32m  OK  [0m] Started ifup for enp0s3.
[[0;32m  OK  [0m] Started Raise network interfaces.
         Starting Initial cloud-init job (metadata service crawler)...
[[0;32m  OK  [0m] Reached target Network.
[   45.731457] cloud-init[955]: Cloud-init v. 0.7.9 running 'init' at Wed, 26 Apr 2017 06:07:07 +0000. Up 45.35 seconds.
[   45.849054] cloud-init[955]: ci-info: ++++++++++++++++++++++++++++++++++++++Net device info++++++++++++++++++++++++++++++++++++++
[   45.849518] cloud-init[955]: ci-info: +--------+-------+----------------------------+---------------+-------+-------------------+
[[0;32m  OK  [0m] Started Initial cloud-init job (metadata service crawler).
[   45.849722] cloud-init[955]: ci-info: | Device |   Up  |          Address           |      Mask     | Scope |     Hw-Address    |
[   46.164670] cloud-init[955]: ci-info: +--------+-------+----------------------------+---------------+-------+-------------------+
[   46.165075] cloud-init[955]: ci-info: | enp0s3 |  True |         10.0.2.15          | 255.255.255.0 |   .   | 02:15:82:70:de:54 |
[[0;32m  OK  [0m] Reached target Network is Online.
[   46.165239] cloud-init[955]: ci-info: | enp0s3 |  True | fe80::15:82ff:fe70:de54/64 |       .       |  link | 02:15:82:70:de:54 |
[   46.312677] cloud-init[955]: ci-info: |   lo   |  True |         127.0.0.1          |   255.0.0.0   |   .   |         .         |
         Starting iSCSI initiator daemon (iscsid)...
[   46.312998] cloud-init[955]: ci-info: |   lo   |  True |          ::1/128           |       .       |  host |         .         |
[   46.432277] cloud-init[955]: ci-info: | enp0s8 | False |             .              |       .       |   .   | 08:00:27:d5:ce:a0 |
[   46.432573] cloud-init[955]: ci-info: +--------+-------+----------------------------+---------------+-------+-------------------+
[[0;32m  OK  [0m] Reached target System Initialization.
[   46.432714] cloud-init[955]: ci-info: +++++++++++++++++++++++++++Route IPv4 info++++++++++++++++++++++++++++
[   46.629651] cloud-init[955]: ci-info: +-------+-------------+----------+---------------+-----------+-------+
[   46.629952] cloud-init[955]: ci-info: | Route | Destination | Gateway  |    Genmask    | Interface | Flags |
[[0;32m  OK  [0m] Started ACPI Events Check.
[[   46.630035] cloud-init[955]: ci-info: +-------+-------------+----------+---------------+-----------+-------+
[   46.756720] cloud-init[955]: ci-info: |   0   |   0.0.0.0   | 10.0.2.2 |    0.0.0.0    |   enp0s3  |   UG  |
[0;32m  OK  [0m] Started Trigger resolvconf update for networkd DNS.
[[0;32m  OK  [0m[   46.756845] ] cloud-initReached target Paths.[955]: 
ci-info: |   1   |   10.0.2.0  | 0.0.0.0  | 255.255.255.0 |   enp0s3  |   U   |
[   46.972270] cloud-init[955]: ci-info: +-------+-------------+----------+---------------+-----------+-------+
[[0;32m  OK  [0m] Started Daily apt activities.
[   46.972697] cloud-init[955]: Generating public/private rsa key pair.
[[0;32m  OK  [0m] Listening on ACPID Listen Socket.
[   47.044616] cloud-init[955]: Your identification has been saved in /etc/ssh/ssh_host_rsa_key.
[   47.113193] cloud-init[955]: Your public key has been saved in /etc/ssh/ssh_host_rsa_key.pub.
[   47.113432] cloud-init[955]: The key fingerprint is:
         Starting Socket activation for snappy daemon.
[[   47.113631] cloud-init[955]: SHA256:UleXxHhc2IejEsB+z2IcWSN/jUxbU4sZXRinNk+/51Y root@ubuntu-xenial
[   47.214196] cloud-init[955]: The key's randomart image is:
[0;32m  OK  [0m] Started Daily Cleanup of Temporary Directories.
[   47.214261] cloud-init[955]: +---[RSA 2048]----+
[   47.311254] cloud-init[955]: |       ...  .*=OB|
[   47.311582] cloud-init[955]: |        . o.+.#==|
         Starting LXD - unix socket.
[[   47.311797] cloud-init[955]: |       .. .* O+B+|
[   47.392749] cloud-init[955]: |       ...= o.=+o|
[0;32m  OK  [0m] Listening on UUID daemon activation socket.
[   47.392916] cloud-init[955]: |      . So = .  o|
[   47.468663] cloud-init[955]: |       .  + o   E|
[[0;32m  OK  [0m] Started Timer to automatically refresh installed snaps.
[[   47.468764] cloud-init[955]: |         . .   .o|
[   47.568734] cloud-init[955]: |               .o|[0;32m  OK  [0m
] Reached target Timers.
[[   47.568833] cloud-init[955]: |               ..|
[   47.648799] cloud-init[955]: +----[SHA256]-----+
[0;32m  OK  [0m] Listening on D-Bus System Message Bus Socket.
[[   47.648918] cloud-init[955]: Generating public/private dsa key pair.
[   47.720727] cloud-init[955]: Your identification has been saved in /etc/ssh/ssh_host_dsa_key.
[0;32m  OK  [0m] Reached target Cloud-config availability.
[   47.720795] cloud-init[955]: Your public key has been saved in /etc/ssh/ssh_host_dsa_key.pub.
[   47.860719] cloud-init[955]: The key fingerprint is:
[   47.860989] cloud-init[955]: SHA256:JbF70hQRNfDR0Vsc55MrZRco4E2pY7wUMFRZj/WiVTc root@ubuntu-xenial
[[0;32m  OK  [0m] Listening on Socket activation for snappy daemon.
[[   47.861134] cloud-init[955]: The key's randomart image is:
[   47.977128] cloud-init[955]: +---[DSA 1024]----+
[   47.977263] cloud-init[955]: |      .++oOB=ooE+|
[   47.977430] cloud-init[955]: |        o=o=+++.X|
[   47.977609] cloud-init[955]: |        +.=oo+ *=|
[   47.977785] cloud-init[955]: |         %  o +.+|
[0;32m  OK  [0m] Listening on LXD - unix socket.
[[   47.977950] cloud-init[955]: |        S =. . . |
[   48.148775] cloud-init[955]: |         +    .  |
[0;32m  OK  [0m] Started iSCSI initiator daemon (iscsid).
[   48.148945] cloud-init[955]: |                 |
[   48.255760] cloud-init[955]: |                 |
[   48.268569] cloud-init[955]: |                 |
[   48.268846] cloud-init[955]: +----[SHA256]-----+
[   48.269042] cloud-init[955]: Generating public/private ecdsa key pair.
[   48.269071] cloud-init[955]: Your identification has been saved in /etc/ssh/ssh_host_ecdsa_key.
         [   48.269105] cloud-init[955]: Your public key has been saved in /etc/ssh/ssh_host_ecdsa_key.pub.
Starting Login to default iSCSI targets...
[[0;32m  OK  [0m] Reached target Sockets.
[   48.269133] cloud-init[955]: The key fingerprint is:
[   48.572582] cloud-init[955]: SHA256:rM3UXgFhT8EiXascKCODcbwr4vVAAyr13/+BV6R+Pos root@ubuntu-xenial
[   48.572837] cloud-init[955]: The key's randomart image is:
[[0;32m  OK  [0m] Reached target Basic System.
[   48.572944] cloud-init[955]: +---[ECDSA 256]---+
[   48.704134] cloud-init[955]: |  ...    .+++.   |
[   48.704441] cloud-init[955]: | ..+.   .oo+..   |
         Starting Accounts Service...
[   48.704618] cloud-init[955]: |..o.o.o ....+ .  |
[[0;32m  OK  [0m[   48.804928] cloud-init[955]: |o  ooo + o o +   |
] Started D-Bus System Message Bus.
[[0;32m  OK  [0m] Started Snappy daemon.
         Starting Apply the settings specified in cloud-config...
         Starting LSB: Record successful boot for GRUB...
         Starting LXD - container startup/shutdown...
         Starting System Logging Service...
         Starting /etc/rc.local Compatibility...
[[0;32m  OK  [0m] Started Deferred execution scheduler.
[   48.805303] cloud-init[955]: |. . .o .S + o .  |
         Starting Auto import assertions from block devices...
[   48.891234] cloud-init[955]: |. .o. .=.. + .   |
         Starting Login Service...
[   48.970807] cloud-init[955]: |....o . o.o + .  |
[   49.032612] cloud-init[955]: | .   .    .. =.  |
[[0;32m  OK  [0m] Started Regular background program processing daemon.
[   49.056037] cloud-init[955]: |           .E oo |
         Starting LSB: MD monitoring daemon...
[   49.114853] cloud-init[955]: +----[SHA256]-----+
[   49.137549] cloud-init[955]: Generating public/private ed25519 key pair.
[   49.138555] cloud-init[955]: Your identification has been saved in /etc/ssh/ssh_host_ed25519_key.
[   49.139757] cloud-init[955]: Your public key has been saved in /etc/ssh/ssh_host_ed25519_key.pub.
[   49.142150] cloud-init[955]: The key fingerprint is:
[[0;32m  OK  [0m] Started FUSE filesystem for LXC.
[   49.184250] cloud-init[955]: SHA256:RCXlcv/UHeU479LA9VmllsAoTEYkoq7HUjZJwoC7qcc root@ubuntu-xenial
[[0;32m  OK  [0m] Started ACPI event daemon.
[   49.251094] cloud-init[955]: The key's randomart image is:
[   49.304287] cloud-init[955]: +--[ED25519 256]--+
[   49.304587] cloud-init[955]: |o   . .=Booo.   o|
         Starting Pollinate to seed the pseudo random number generator...
[   49.304717] cloud-init[955]: |+  . . +oo. .. =o|
[   49.372592] cloud-init[955]: |.oo     o.o   *.+|
[   49.372775] cloud-init[955]: |.+ .   . o . o =*|
[[0;32m  OK  [0m] Started System Logging Service.
[   49.372982] cloud-init[955]: | o*     S   . +.=|
[   49.492322] cloud-init[955]: |o= .         o + |
[   49.492593] cloud-init[955]: |+.o           o o|
[[0;32m  OK  [0m] Started LXD - container startup/shutdown.
[   49.492804] cloud-init[955]: |.oE            . |
[[   49.612499] cloud-init[955]: | .               |
[   49.612618] cloud-init[955]: +----[SHA256]-----+
[0;32m  OK  [0m] Started /etc/rc.local Compatibility.
[   49.614782] cloud-init[1063]: Generating locales (this might take a while)...
[[0;32m  OK  [0m] Started Auto import assertions from block devices.
[[0;32m  OK  [0m] Started Login to default iSCSI targets.
[[0;32m  OK  [0m] Started LSB: Record successful boot for GRUB.
[[0;32m  OK  [0m] Started Login Service.
[[0;32m  OK  [0m] Started LSB: MD monitoring daemon.
[[0;32m  OK  [0m] Started Pollinate to seed the pseudo random number generator.
         Starting OpenBSD Secure Shell server...
         Starting Authenticate and Authorize Users to Run Privileged Tasks...
[[0;32m  OK  [0m] Reached target Remote File Systems (Pre).
[[0;32m  OK  [0m] Reached target Remote File Systems.
         Starting LSB: daemon to balance interrupts for SMP systems...
         Starting LSB: VirtualBox Linux Additions...
         Starting LSB: automatic crash report generation...
[   50.085254] cloud-init[1063]:   en_US.UTF-8... done
         Starting LSB: Set the CPU Frequency Scaling governor to "ondemand"...
[   50.150805] cloud-init[1063]: Generation complete.
         Starting Permit User Sessions...
[[0;32m  OK  [0m] Started OpenBSD Secure Shell server.
[[0;32m  OK  [0m] Started Permit User Sessions.
[[0;32m  OK  [0m] Started Authenticate and Authorize Users to Run Privileged Tasks.
[[0;32m  OK  [0m] Started Accounts Service.
         Starting Hold until boot process finishes up...
         Starting Terminate Plymouth Boot Screen...
[[0;32m  OK  [0m] Started LSB: daemon to balance interrupts for SMP systems.
[[0;32m  OK  [0m] Started LSB: VirtualBox Linux Additions.
[[0;32m  OK  [0m] Started LSB: automatic crash report generation.
[[0;32m  OK  [0m] Started LSB: Set the CPU Frequency Scaling governor to "ondemand".
[[0;32m  OK  [0m] Started Hold until boot process finishes up.
[[0;32m  OK  [0m] Started Terminate Plymouth Boot Screen.
         Stopping OpenBSD Secure Shell server...
[[0;32m  OK  [0m] Started Getty on tty1.
         Starting Set console scheme...
[[0;32m  OK  [0m] Started Serial Getty on ttyS0.
[[0;32m  OK  [0m] Reached target Login Prompts.
[[0;32m  OK  [0m] Stopped OpenBSD Secure Shell server.
[[0;32m  OK  [0m] Started Set console scheme.
         Starting OpenBSD Secure Shell server...
[[0;32m  OK  [0m] Started OpenBSD Secure Shell server.
[[0;32m  OK  [0m] Reached target Multi-User System.
[[0;32m  OK  [0m] Reached target Graphical Interface.
         Starting Update UTMP about System Runlevel Changes...
[[0;32m  OK  [0m] Created slice User Slice of ubuntu.
[   51.062007] cloud-init[1063]: Cloud-init v. 0.7.9 running 'modules:config' at Wed, 26 Apr 2017 06:07:11 +0000. Up 49.20 seconds.
         Starting User Manager for UID 1000...
[[0;32m  OK  [0m] Started Session 1 of user ubuntu.
[[0;32m  OK  [0m] Started User Manager for UID 1000.
[[0;32m  OK  [0m] Started Apply the settings specified in cloud-config.
[[0;32m  OK  [0m] Started Update UTMP about System Runlevel Changes.
         Starting Execute cloud user/final scripts...
ci-info: no authorized ssh keys fingerprints found for user ubuntu.
<14>Apr 26 06:07:13 ec2: 
<14>Apr 26 06:07:13 ec2: #############################################################
<14>Apr 26 06:07:13 ec2: -----BEGIN SSH HOST KEY FINGERPRINTS-----
<14>Apr 26 06:07:13 ec2: 1024 SHA256:JbF70hQRNfDR0Vsc55MrZRco4E2pY7wUMFRZj/WiVTc root@ubuntu-xenial (DSA)
<14>Apr 26 06:07:13 ec2: 256 SHA256:rM3UXgFhT8EiXascKCODcbwr4vVAAyr13/+BV6R+Pos root@ubuntu-xenial (ECDSA)
<14>Apr 26 06:07:13 ec2: 256 SHA256:RCXlcv/UHeU479LA9VmllsAoTEYkoq7HUjZJwoC7qcc root@ubuntu-xenial (ED25519)
<14>Apr 26 06:07:13 ec2: 2048 SHA256:UleXxHhc2IejEsB+z2IcWSN/jUxbU4sZXRinNk+/51Y root@ubuntu-xenial (RSA)
<14>Apr 26 06:07:13 ec2: -----END SSH HOST KEY FINGERPRINTS-----
<14>Apr 26 06:07:13 ec2: #############################################################
-----BEGIN SSH HOST KEY KEYS-----
ecdsa-sha2-nistp256 AAAAE2VjZHNhLXNoYTItbmlzdHAyNTYAAAAIbmlzdHAyNTYAAABBBN877EA1ie5UQe5epkTWXKMUF5KBUUOSV0F1D+RVeUwqqU1YLvNVZ7KmzznTCLQk1JtE5HvMOlmO3E1ltqjsj/o= root@ubuntu-xenial
ssh-ed25519 AAAAC3NzaC1lZDI1NTE5AAAAIPnM5gdm/pkZ1dFHUv97kQ+D+Mzom1X8JW7pqsAxFk1w root@ubuntu-xenial
ssh-rsa AAAAB3NzaC1yc2EAAAADAQABAAABAQC4Ve/PGbDowN/cj7ro1bl4O6eXtKfemzvDNend1j9Sp+aFkQsBdN4Jw7y3WAd/HxBYwe6Qk3VMy5mPvVs6guifwCZD1EtQ+ct+XDqPlMB8d56rmwIwZATbm6ynd5G93dLW0qe/K/jRrt3IoW1cKSCrEtMX54VtkMgsJOTdQGa6WY5yPOb2pnggL7yO6B85qPo0+e4Kk04esfJGnB3lsoF0qQNRkEli6t1iZeZOZohzSBRg/ohMhgwFghohrnRKh0ovPkgO6u/3snd66iO+Y180XBLlbKCEnKbNog7+x+Qe1qqqEtf5yJVsoqJ6yt+1rKUbIWxIR9ABzSiPXbUZoo7B root@ubuntu-xenial
-----END SSH HOST KEY KEYS-----
[   52.476459] cloud-init[1335]: Cloud-init v. 0.7.9 running 'modules:final' at Wed, 26 Apr 2017 06:07:13 +0000. Up 51.60 seconds.
[   52.547487] cloud-init[1335]: ci-info: no authorized ssh keys fingerprints found for user ubuntu.
[[0;32m  OK  [0m] Started Execute cloud user/final scripts.
[   52.547852] cloud-init[1335]: Cloud-init v. 0.7.9 finished at Wed, 26 Apr 2017 06:07:14 +0000. Datasource DataSourceNoCloud [seed=/dev/sdb][dsmode=net].  Up 52.46 seconds
[[0;32m  OK  [0m] Started Session 2 of user ubuntu.
[[0;32m  OK  [0m] Reached target Cloud-init target.

Ubuntu 16.04.2 LTS ubuntu-xenial ttyS0

ubuntu-xenial login: 